<?xml version="1.0" encoding="UTF-8"?>
<!-- Generated by org.testng.reporters.JUnitReportReporter -->
<testsuite hostname="Tharunikaaaaa" failures="0" tests="2" name="test.TC_002LoginTest" time="23.175" errors="0" timestamp="2025-03-24T16:16:05 IST" skipped="0">
  <testcase classname="test.TC_002LoginTest" name="loginTest" time="11.708"/>
  <testcase classname="test.TC_002LoginTest" name="loginTest" time="11.467"/>
</testsuite> <!-- test.TC_002LoginTest -->
