<?xml version="1.0" encoding="UTF-8"?>
<!-- Generated by org.testng.reporters.JUnitReportReporter -->
<testsuite hostname="Tharunikaaaaa" failures="0" tests="2" name="test.TC_002LoginTest" time="25.303" errors="0" timestamp="2025-03-24T13:40:18 IST" skipped="0">
  <testcase classname="test.TC_002LoginTest" name="loginTest" time="11.902"/>
  <testcase classname="test.TC_002LoginTest" name="loginTest" time="13.401"/>
</testsuite> <!-- test.TC_002LoginTest -->
