<?xml version="1.0" encoding="UTF-8"?>
<!-- Generated by org.testng.reporters.JUnitReportReporter -->
<testsuite hostname="Tharunikaaaaa" failures="0" tests="1" name="test.TC_004ProductdetailsandAddtocartTest" time="19.508" errors="0" timestamp="2025-04-01T19:23:42 IST" skipped="0">
  <testcase classname="test.TC_004ProductdetailsandAddtocartTest" name="ProductPage" time="19.508"/>
</testsuite> <!-- test.TC_004ProductdetailsandAddtocartTest -->
