<?xml version="1.0" encoding="UTF-8"?>
<!-- Generated by org.testng.reporters.JUnitReportReporter -->
<testsuite hostname="Tharunikaaaaa" failures="0" tests="1" name="test.TC_002LoginandLogoutTest" time="9.999" errors="0" timestamp="2025-04-01T19:23:42 IST" skipped="0">
  <testcase classname="test.TC_002LoginandLogoutTest" name="loginandlogoutTest" time="9.999"/>
</testsuite> <!-- test.TC_002LoginandLogoutTest -->
